\BOOKMARK [0][-]{chapter.1}{Introduction}{}% 1
\BOOKMARK [0][-]{chapter.2}{Pr\351sentation de l'organisme d'accueil}{}% 2
\BOOKMARK [0][-]{chapter.3}{M\351thodes}{}% 3
\BOOKMARK [0][-]{chapter.4}{R\351sultats}{}% 4
\BOOKMARK [1][-]{section.4.1}{Contraintes}{chapter.4}% 5
\BOOKMARK [0][-]{chapter.5}{Les m\351thodes de partitionnement}{}% 6
\BOOKMARK [1][-]{section.5.1}{K-means}{chapter.5}% 7
\BOOKMARK [1][-]{section.5.2}{SAMARAH}{chapter.5}% 8
\BOOKMARK [0][-]{chapter.6}{Validation}{}% 9
\BOOKMARK [1][-]{section.6.1}{M\351thodes de validation}{chapter.6}% 10
\BOOKMARK [2][-]{subsection.6.1.1}{Validation interne}{section.6.1}% 11
\BOOKMARK [2][-]{subsection.6.1.2}{Validation externe}{section.6.1}% 12
\BOOKMARK [1][-]{section.6.2}{Stabilit\351 des clusters}{chapter.6}% 13
\BOOKMARK [0][-]{chapter.7}{Application}{}% 14
\BOOKMARK [1][-]{section.7.1}{Jeux de donn\351es }{chapter.7}% 15
\BOOKMARK [1][-]{section.7.2}{M\351thodologie}{chapter.7}% 16
\BOOKMARK [1][-]{section.7.3}{R\351sultats}{chapter.7}% 17
\BOOKMARK [1][-]{section.7.4}{Discussion}{chapter.7}% 18
\BOOKMARK [0][-]{chapter.8}{Conclusion}{}% 19
\BOOKMARK [0][-]{chapter*.8}{Bibliographie}{}% 20
