\BOOKMARK [0][-]{chapter.1}{Introduction}{}% 1
\BOOKMARK [0][-]{chapter.2}{Pr\351sentation de l'organisme d'accueil}{}% 2
\BOOKMARK [0][-]{chapter.3}{Contexte du stage}{}% 3
\BOOKMARK [1][-]{section.3.1}{D\351bruitage des s\351ries temporelles}{chapter.3}% 4
\BOOKMARK [1][-]{section.3.2}{D\351tection des glissements de terrain}{chapter.3}% 5
\BOOKMARK [0][-]{chapter.4}{Zone d'\351tude et jeux de donn\351es}{}% 6
\BOOKMARK [1][-]{section.4.1}{Zone d'\351tude}{chapter.4}% 7
\BOOKMARK [1][-]{section.4.2}{Acquisition des images optiques}{chapter.4}% 8
\BOOKMARK [1][-]{section.4.3}{Exploitation des images optiques}{chapter.4}% 9
\BOOKMARK [2][-]{subsection.4.3.1}{Corr\351lation d'images}{section.4.3}% 10
\BOOKMARK [2][-]{subsection.4.3.2}{MPIC-OPT}{section.4.3}% 11
\BOOKMARK [1][-]{section.4.4}{Donn\351es}{chapter.4}% 12
\BOOKMARK [0][-]{chapter.5}{D\351bruitage des s\351ries temporelles}{}% 13
\BOOKMARK [1][-]{section.5.1}{D\351composition en composantes ind\351pendantes}{chapter.5}% 14
\BOOKMARK [2][-]{subsection.5.1.1}{Probl\350me et d\351finitions}{section.5.1}% 15
\BOOKMARK [2][-]{subsection.5.1.2}{Algorithme}{section.5.1}% 16
\BOOKMARK [2][-]{subsection.5.1.3}{Comparaison avec l'analyse en composantes principales}{section.5.1}% 17
\BOOKMARK [1][-]{section.5.2}{D\351termination du nombre optimal de sources}{chapter.5}% 18
\BOOKMARK [1][-]{section.5.3}{S\351lection des sources}{chapter.5}% 19
\BOOKMARK [0][-]{chapter.6}{D\351tection des glissements}{}% 20
\BOOKMARK [1][-]{section.6.1}{Identification des profils de d\351placement}{chapter.6}% 21
\BOOKMARK [1][-]{section.6.2}{Filtrage des donn\351es}{chapter.6}% 22
\BOOKMARK [2][-]{subsection.6.2.1}{Filtrage des vitesses}{section.6.2}% 23
\BOOKMARK [2][-]{subsection.6.2.2}{Test de significativit\351 des vitesses moyennes}{section.6.2}% 24
\BOOKMARK [2][-]{subsection.6.2.3}{Elimination des s\351ries chaotiques}{section.6.2}% 25
\BOOKMARK [2][-]{subsection.6.2.4}{Filtrage morphologique}{section.6.2}% 26
\BOOKMARK [1][-]{section.6.3}{Clustering}{chapter.6}% 27
\BOOKMARK [2][-]{subsection.6.3.1}{Clustering par densit\351}{section.6.3}% 28
\BOOKMARK [2][-]{subsection.6.3.2}{DBSCAN}{section.6.3}% 29
\BOOKMARK [2][-]{subsection.6.3.3}{HDBSCAN}{section.6.3}% 30
\BOOKMARK [0][-]{chapter.7}{R\351sultats et Discussion}{}% 31
\BOOKMARK [1][-]{section.7.1}{D\351bruitage}{chapter.7}% 32
\BOOKMARK [1][-]{section.7.2}{Filtrage et clustering}{chapter.7}% 33
\BOOKMARK [1][-]{section.7.3}{Discussion}{chapter.7}% 34
\BOOKMARK [2][-]{subsection.7.3.1}{D\351bruitage}{section.7.3}% 35
\BOOKMARK [2][-]{subsection.7.3.2}{D\351tection}{section.7.3}% 36
\BOOKMARK [0][-]{chapter*.22}{Bibliographie}{}% 37
